<?xml version="1.0" encoding="UTF-8"?>
<!-- Generated by org.testng.reporters.JUnitReportReporter -->
<testsuite hostname="VISHVA" failures="0" tests="5" name="testNG.DisabledIgnoreSkip" time="7.229" errors="0" timestamp="2023-04-14T19:45:47 IST" skipped="2">
  <testcase classname="testNG.DisabledIgnoreSkip" name="facebook" time="3.177"/>
  <system-out/>
  <testcase classname="testNG.DisabledIgnoreSkip" name="instagram" time="1.572"/>
  <system-out/>
  <testcase classname="testNG.DisabledIgnoreSkip" name="gmail" time="2.480"/>
  <system-out/>
  <testcase classname="testNG.DisabledIgnoreSkip" name="google">
    <skipped/>
  </testcase> <!-- google -->
  <system-out/>
  <testcase classname="testNG.DisabledIgnoreSkip" name="selenium">
    <skipped/>
  </testcase> <!-- selenium -->
  <system-out/>
</testsuite> <!-- testNG.DisabledIgnoreSkip -->
