<?xml version="1.0" encoding="UTF-8"?>
<!-- Generated by org.testng.reporters.JUnitReportReporter -->
<testsuite hostname="VISHVA" failures="0" tests="1" name="selectdropdownvalues.SelectDropValue" time="109.401" errors="0" timestamp="2023-04-18T13:29:45 IST" skipped="0">
  <testcase classname="selectdropdownvalues.SelectDropValue" name="dropdownvaluesselect" time="109.401"/>
  <system-out/>
</testsuite> <!-- selectdropdownvalues.SelectDropValue -->
