<?xml version="1.0" encoding="UTF-8"?>
<!-- Generated by org.testng.reporters.JUnitReportReporter -->
<testsuite hostname="VISHVA" failures="0" tests="5" name="testNG.AlphabeticalOrder" time="22.972" errors="0" timestamp="2023-04-13T19:50:51 IST" skipped="0">
  <testcase classname="testNG.AlphabeticalOrder" name="google" time="1.118"/>
  <system-out/>
  <testcase classname="testNG.AlphabeticalOrder" name="redmine" time="2.947"/>
  <system-out/>
  <testcase classname="testNG.AlphabeticalOrder" name="facebook" time="3.573"/>
  <system-out/>
  <testcase classname="testNG.AlphabeticalOrder" name="selenium" time="12.689"/>
  <system-out/>
  <testcase classname="testNG.AlphabeticalOrder" name="gmail" time="2.645"/>
  <system-out/>
</testsuite> <!-- testNG.AlphabeticalOrder -->
