<?xml version="1.0" encoding="UTF-8"?>
<!-- Generated by org.testng.reporters.JUnitReportReporter -->
<testsuite hostname="VISHVA" failures="0" tests="1" name="alertwindows.ConfirmationDialogBox" time="40.473" errors="0" timestamp="2023-04-19T10:43:50 IST" skipped="0">
  <testcase classname="alertwindows.ConfirmationDialogBox" name="alertcancelbutton" time="40.473"/>
  <system-out/>
</testsuite> <!-- alertwindows.ConfirmationDialogBox -->
