<?xml version="1.0" encoding="UTF-8"?>
<!-- Generated by org.testng.reporters.JUnitReportReporter -->
<testsuite hostname="VISHVA" failures="0" tests="2" name="testNG.TestNG_5DependsonMethods" time="2.643" errors="0" timestamp="2023-04-15T20:20:26 IST" skipped="0">
  <testcase classname="testNG.TestNG_5DependsonMethods" name="method1" time="0.111"/>
  <system-out/>
  <testcase classname="testNG.TestNG_5DependsonMethods" name="method2" time="2.532"/>
  <system-out/>
</testsuite> <!-- testNG.TestNG_5DependsonMethods -->
