<?xml version="1.0" encoding="UTF-8"?>
<!-- Generated by org.testng.reporters.JUnitReportReporter -->
<testsuite hostname="VISHVA" failures="0" tests="4" name="testNG.PriorityOrder" time="12.977" errors="0" timestamp="2023-04-13T20:08:36 IST" skipped="0">
  <testcase classname="testNG.PriorityOrder" name="google" time="3.239"/>
  <system-out/>
  <testcase classname="testNG.PriorityOrder" name="selenium" time="5.070"/>
  <system-out/>
  <testcase classname="testNG.PriorityOrder" name="facebook" time="1.690"/>
  <system-out/>
  <testcase classname="testNG.PriorityOrder" name="redmine" time="2.978"/>
  <system-out/>
</testsuite> <!-- testNG.PriorityOrder -->
