<?xml version="1.0" encoding="UTF-8"?>
<!-- Generated by org.testng.reporters.JUnitReportReporter -->
<testsuite hostname="VISHVA" failures="0" tests="1" name="alertwindows.PopAlertBox" time="32.770" errors="0" timestamp="2023-04-19T10:37:02 IST" skipped="0">
  <testcase classname="alertwindows.PopAlertBox" name="alertokbutton" time="32.770"/>
  <system-out/>
</testsuite> <!-- alertwindows.PopAlertBox -->
